2025-10-30 16:14:32 [scrapy.utils.log] INFO: Scrapy 2.11.0 started (bot: kidssmart)
2025-10-30 16:14:32 [scrapy.utils.log] INFO: Versions: lxml 6.0.2.0, libxml2 2.14.6, cssselect 1.3.0, parsel 1.10.0, w3lib 2.3.1, Twisted 22.10.0, Python 3.11.14 (main, Oct 21 2025, 02:10:16) [GCC 14.2.0], pyOpenSSL 25.3.0 (OpenSSL 3.5.4 30 Sep 2025), cryptography 46.0.3, Platform Linux-6.8.0-86-generic-x86_64-with-glibc2.41
2025-10-30 16:14:32 [scrapy.addons] INFO: Enabled addons:
[]
2025-10-30 16:14:32 [scrapy.extensions.telnet] INFO: Telnet Password: 087b925d91484b8f
2025-10-30 16:14:32 [scrapy.middleware] INFO: Enabled extensions:
['scrapy.extensions.corestats.CoreStats',
 'scrapy.extensions.telnet.TelnetConsole',
 'scrapy.extensions.memusage.MemoryUsage',
 'scrapy.extensions.feedexport.FeedExporter',
 'scrapy.extensions.logstats.LogStats',
 'scrapy.extensions.throttle.AutoThrottle']
2025-10-30 16:14:32 [scrapy.crawler] INFO: Overridden settings:
{'AUTOTHROTTLE_ENABLED': True,
 'AUTOTHROTTLE_MAX_DELAY': 10,
 'AUTOTHROTTLE_START_DELAY': 2,
 'BOT_NAME': 'kidssmart',
 'DOWNLOAD_DELAY': 2,
 'FEED_EXPORT_ENCODING': 'utf-8',
 'LOG_LEVEL': 'INFO',
 'NEWSPIDER_MODULE': 'kidssmart.spiders',
 'REQUEST_FINGERPRINTER_IMPLEMENTATION': '2.7',
 'ROBOTSTXT_OBEY': True,
 'SPIDER_MODULES': ['kidssmart.spiders'],
 'TWISTED_REACTOR': 'twisted.internet.asyncioreactor.AsyncioSelectorReactor',
 'USER_AGENT': 'kidssmart (+http://www.yourdomain.com)'}
2025-10-30 16:14:32 [scrapy.middleware] INFO: Enabled downloader middlewares:
['scrapy.downloadermiddlewares.robotstxt.RobotsTxtMiddleware',
 'scrapy.downloadermiddlewares.httpauth.HttpAuthMiddleware',
 'scrapy.downloadermiddlewares.downloadtimeout.DownloadTimeoutMiddleware',
 'scrapy.downloadermiddlewares.defaultheaders.DefaultHeadersMiddleware',
 'scrapy.downloadermiddlewares.useragent.UserAgentMiddleware',
 'scrapy.downloadermiddlewares.retry.RetryMiddleware',
 'scrapy.downloadermiddlewares.redirect.MetaRefreshMiddleware',
 'scrapy.downloadermiddlewares.httpcompression.HttpCompressionMiddleware',
 'scrapy.downloadermiddlewares.redirect.RedirectMiddleware',
 'scrapy.downloadermiddlewares.cookies.CookiesMiddleware',
 'scrapy.downloadermiddlewares.httpproxy.HttpProxyMiddleware',
 'scrapy.downloadermiddlewares.stats.DownloaderStats']
2025-10-30 16:14:32 [scrapy.middleware] INFO: Enabled spider middlewares:
['scrapy.spidermiddlewares.httperror.HttpErrorMiddleware',
 'scrapy.spidermiddlewares.offsite.OffsiteMiddleware',
 'scrapy.spidermiddlewares.referer.RefererMiddleware',
 'scrapy.spidermiddlewares.urllength.UrlLengthMiddleware',
 'scrapy.spidermiddlewares.depth.DepthMiddleware']
2025-10-30 16:14:32 [scrapy.middleware] INFO: Enabled item pipelines:
['kidssmart.pipelines.MySQLActivityPipeline']
2025-10-30 16:14:32 [scrapy.core.engine] INFO: Spider opened
2025-10-30 16:14:32 [activities] INFO: Database connection opened
2025-10-30 16:14:32 [scrapy.extensions.logstats] INFO: Crawled 0 pages (at 0 pages/min), scraped 0 items (at 0 items/min)
2025-10-30 16:14:32 [scrapy.extensions.telnet] INFO: Telnet console listening on 127.0.0.1:6023
2025-10-30 16:14:32 [scrapy-playwright] INFO: Starting download handler
2025-10-30 16:14:32 [scrapy-playwright] INFO: Starting download handler
2025-10-30 16:14:41 [activities] INFO: Saved activity: A FACE PAINTING DREAM & FACE FOCUS from activities
2025-10-30 16:14:41 [activities] INFO: Saved activity: Redlands Art School from activities
2025-10-30 16:14:41 [activities] INFO: Saved activity: ROBYN’S ROOM from activities
2025-10-30 16:14:41 [activities] INFO: Saved activity: My Gym Children's Fitness Ashfield from activities
2025-10-30 16:14:41 [activities] INFO: Saved activity: Lak's Art Calss from activities
2025-10-30 16:14:42 [activities] INFO: Saved activity: KISDOO ART STUDIO from activities
2025-10-30 16:14:42 [activities] INFO: Saved activity: Aboriginal Cultural Immersions from activities
2025-10-30 16:14:42 [activities] INFO: Saved activity: Ceramic painting Birthdays Parties from activities
2025-10-30 16:14:42 [activities] INFO: Saved activity: Paint Your World from activities
2025-10-30 16:14:42 [activities] INFO: Saved activity: KIDS ART & CRAFT from activities
2025-10-30 16:14:42 [activities] INFO: Saved activity: Kidzklub Australia from activities
2025-10-30 16:14:42 [activities] INFO: Saved activity: Knit n Sew Studio from activities
2025-10-30 16:14:42 [activities] INFO: Saved activity: Madfun Kids Disco Knox from activities
2025-10-30 16:14:42 [activities] INFO: Saved activity: June's Arts Studio from activities
2025-10-30 16:14:42 [activities] INFO: Saved activity: Sienna Art Space - Art School & Holistic Care from activities
2025-10-30 16:14:42 [activities] INFO: Saved activity: Sharz Art Design from activities
2025-10-30 16:14:42 [activities] INFO: Saved activity: Michelangelo Fine Art School - art classes - from activities
2025-10-30 16:14:42 [activities] INFO: Saved activity: Heffalump Dezign Art School from activities
2025-10-30 16:14:42 [activities] INFO: Saved activity: Create and Make Workshops from activities
2025-10-30 16:14:42 [activities] INFO: Saved activity: Les Petits Painters from activities
2025-10-30 16:14:42 [activities] INFO: Saved activity: START ART SCHOOL - Children's Art School  - primary school aged from activities
2025-10-30 16:14:42 [activities] INFO: Saved activity: Colour Magic Face Painting & Art Workshops for Events from activities
2025-10-30 16:14:42 [activities] INFO: Saved activity: Talent Club Education from activities
2025-10-30 16:14:42 [activities] INFO: Saved activity: Davies Music School from activities
2025-10-30 16:14:42 [activities] INFO: Saved activity: Little Ballet Dancer - ONLINE ballet anywhere, anytime from activities
2025-10-30 16:14:42 [activities] INFO: Saved activity: Jumpingcreek Ceramic Studio from activities
2025-10-30 16:14:42 [activities] INFO: Saved activity: East Village Art House from activities
2025-10-30 16:14:42 [activities] INFO: Saved activity: PCYC Hornsby Ku-ring-gai from activities
2025-10-30 16:14:42 [activities] INFO: Saved activity: Alphabet Kids from activities
2025-10-30 16:14:42 [activities] INFO: Saved activity: LinguaKidz from activities
2025-10-30 16:14:44 [activities] INFO: Saved activity: Football Star Academy (Doncaster East & Donvale) from activities
2025-10-30 16:14:44 [activities] INFO: Saved activity: Soccajoeys Southeast Brisbane from activities
2025-10-30 16:14:44 [activities] INFO: Saved activity: FIRST TAE KWON DO Perth Western Australia from activities
2025-10-30 16:14:44 [activities] INFO: Saved activity: West Tae Kwon Do from activities
2025-10-30 16:14:44 [activities] INFO: Saved activity: Easts Football Club from activities
2025-10-30 16:14:44 [activities] INFO: Saved activity: MOTIV8 SPORTS Eastern Suburbs from activities
2025-10-30 16:14:44 [activities] INFO: Saved activity: Goshukan Karate Academy from activities
2025-10-30 16:14:44 [activities] INFO: Saved activity: The Ironfist Gym from activities
2025-10-30 16:14:44 [activities] INFO: Saved activity: Basketball Star Academy - Eltham / South Morang & Surrounding Areas from activities
2025-10-30 16:14:44 [activities] INFO: Duplicate found: My Gym Children's Fitness Ashfield - Skipping
2025-10-30 16:14:44 [activities] INFO: Saved activity: Prestons Netball Club from activities
2025-10-30 16:14:44 [activities] INFO: Saved activity: Kristy Rose Academy of Dance from activities
2025-10-30 16:14:44 [activities] INFO: Saved activity: Karate Academy Sydney from activities
2025-10-30 16:14:44 [activities] INFO: Saved activity: Combat Ju-Jitsu from activities
2025-10-30 16:14:44 [activities] INFO: Saved activity: Advanced Health Chiropractor & Remedial Massage Preston from activities
2025-10-30 16:14:44 [activities] INFO: Saved activity: Inga Haas School of Dance from activities
2025-10-30 16:14:44 [activities] INFO: Saved activity: VTEAM Taekwondo Maidstone from activities
2025-10-30 16:14:44 [activities] INFO: Saved activity: The Fight Centre - Brisbane pty ltd from activities
2025-10-30 16:14:44 [activities] INFO: Saved activity: Soccajoeys Adelaide from activities
2025-10-30 16:14:44 [activities] INFO: Saved activity: Love Pilates from activities
2025-10-30 16:14:44 [activities] INFO: Duplicate found: Kidzklub Australia - Skipping
2025-10-30 16:14:44 [activities] INFO: Saved activity: Tomorrow's Stars Basketball from activities
2025-10-30 16:14:44 [activities] INFO: Saved activity: Thriveable Fitness from activities
2025-10-30 16:14:44 [activities] INFO: Saved activity: Elevate Martial Arts Academy from activities
2025-10-30 16:14:44 [activities] INFO: Saved activity: Acro Kids from activities
2025-10-30 16:14:44 [activities] INFO: Saved activity: Jump swim school from activities
2025-10-30 16:14:44 [activities] INFO: Saved activity: Nextgen Football Academy from activities
2025-10-30 16:14:44 [activities] INFO: Saved activity: ATIMartial Arts - Perth WA from activities
2025-10-30 16:14:44 [activities] INFO: Saved activity: Ambrose Tennis Academy from activities
2025-10-30 16:14:44 [activities] INFO: Saved activity: Swim Mechanix Busselton from activities
2025-10-30 16:14:46 [activities] INFO: Duplicate found: FIRST TAE KWON DO Perth Western Australia - Skipping
2025-10-30 16:14:46 [activities] INFO: Duplicate found: ROBYN’S ROOM - Skipping
2025-10-30 16:14:46 [activities] INFO: Duplicate found: Basketball Star Academy - Eltham / South Morang & Surrounding Areas - Skipping
2025-10-30 16:14:46 [activities] INFO: Saved activity: Speaking Schools Australasia from activities
2025-10-30 16:14:46 [activities] INFO: Duplicate found: Lak's Art Calss - Skipping
2025-10-30 16:14:46 [activities] INFO: Duplicate found: KISDOO ART STUDIO - Skipping
2025-10-30 16:14:46 [activities] INFO: Duplicate found: Knit n Sew Studio - Skipping
2025-10-30 16:14:46 [activities] INFO: Duplicate found: Kidzklub Australia - Skipping
2025-10-30 16:14:46 [activities] INFO: Duplicate found: My Gym Children's Fitness Ashfield - Skipping
2025-10-30 16:14:46 [activities] INFO: Duplicate found: Paint Your World - Skipping
2025-10-30 16:14:46 [activities] INFO: Duplicate found: Ceramic painting Birthdays Parties - Skipping
2025-10-30 16:14:46 [activities] INFO: Saved activity: SETA Tennis Beaumaris from activities
2025-10-30 16:14:46 [activities] INFO: Saved activity: Truganina Mobile Animal Farm from activities
2025-10-30 16:14:46 [activities] INFO: Duplicate found: Sharz Art Design - Skipping
2025-10-30 16:14:46 [activities] INFO: Duplicate found: START ART SCHOOL - Children's Art School  - primary school aged - Skipping
2025-10-30 16:14:46 [activities] INFO: Saved activity: M-Creativ.kids from activities
2025-10-30 16:14:46 [activities] INFO: Saved activity: Prince Gallery Art School from activities
2025-10-30 16:14:46 [activities] INFO: Saved activity: Games2U Nepean & Central Coast from activities
2025-10-30 16:14:46 [activities] INFO: Saved activity: Phoenix Arts Martial Arts from activities
2025-10-30 16:14:46 [activities] INFO: Saved activity: Basketball Star Academy ( Macleod) from activities
2025-10-30 16:14:46 [activities] INFO: Saved activity: Caba Waterbabies ~ Prenatal, Mums & Bubs Yoga ~ Baby Massage Instruction ~ Underwater Photography from activities
2025-10-30 16:14:46 [activities] INFO: Saved activity: Sydney West Cricket Coaching from activities
2025-10-30 16:14:46 [activities] INFO: Duplicate found: Talent Club Education - Skipping
2025-10-30 16:14:46 [activities] INFO: Saved activity: Einstein Kidz Abacus from activities
2025-10-30 16:14:46 [activities] INFO: Saved activity: Grappling Education from activities
2025-10-30 16:14:46 [activities] INFO: Saved activity: The Village Park & Supply from activities
2025-10-30 16:14:46 [activities] INFO: Saved activity: Liverpool Cricket Club from activities
2025-10-30 16:14:46 [activities] INFO: Saved activity: Crocs Playcentre Marsden Park from activities
2025-10-30 16:14:46 [activities] INFO: Saved activity: BRICKS 4 KIDZ Brisbane North West from activities
2025-10-30 16:14:46 [activities] INFO: Saved activity: Melbourne Performing Arts Academy from activities
2025-10-30 16:14:49 [activities] INFO: Saved activity: Tony's Magic Show from activities
2025-10-30 16:14:49 [activities] INFO: Duplicate found: Easts Football Club - Skipping
2025-10-30 16:14:49 [activities] INFO: Duplicate found: Soccajoeys Southeast Brisbane - Skipping
2025-10-30 16:14:49 [activities] INFO: Saved activity: Soccajoeys Caroline Springs/ Kings Park/ Derrimut / Truganina/ Tarneit from activities
2025-10-30 16:14:49 [activities] INFO: Duplicate found: Redlands Art School - Skipping
2025-10-30 16:14:49 [activities] INFO: Duplicate found: Goshukan Karate Academy - Skipping
2025-10-30 16:14:49 [activities] INFO: Saved activity: Penrith Ballroom Dance from activities
2025-10-30 16:14:49 [activities] INFO: Saved activity: Ocean Life Education from activities
2025-10-30 16:14:49 [activities] INFO: Duplicate found: Tomorrow's Stars Basketball - Skipping
2025-10-30 16:14:49 [activities] INFO: Duplicate found: Inga Haas School of Dance - Skipping
2025-10-30 16:14:49 [activities] INFO: Duplicate found: Basketball Star Academy - Eltham / South Morang & Surrounding Areas - Skipping
2025-10-30 16:14:49 [activities] INFO: Duplicate found: KISDOO ART STUDIO - Skipping
2025-10-30 16:14:49 [activities] INFO: Duplicate found: Paint Your World - Skipping
2025-10-30 16:14:49 [activities] INFO: Duplicate found: Kidzklub Australia - Skipping
2025-10-30 16:14:49 [activities] INFO: Duplicate found: Knit n Sew Studio - Skipping
2025-10-30 16:14:49 [activities] INFO: Duplicate found: Advanced Health Chiropractor & Remedial Massage Preston - Skipping
2025-10-30 16:14:49 [activities] INFO: Saved activity: Beats From the Soul from activities
2025-10-30 16:14:49 [activities] INFO: Duplicate found: Thriveable Fitness - Skipping
2025-10-30 16:14:49 [activities] INFO: Duplicate found: Truganina Mobile Animal Farm - Skipping
2025-10-30 16:14:49 [activities] INFO: Saved activity: Boys' Brigade NSW from activities
2025-10-30 16:14:49 [activities] INFO: Saved activity: Innerverse from activities
2025-10-30 16:14:49 [activities] INFO: Duplicate found: Sharz Art Design - Skipping
2025-10-30 16:14:49 [activities] INFO: Duplicate found: Create and Make Workshops - Skipping
2025-10-30 16:14:49 [activities] INFO: Duplicate found: Nextgen Football Academy - Skipping
2025-10-30 16:14:49 [activities] INFO: Duplicate found: Heffalump Dezign Art School - Skipping
2025-10-30 16:14:49 [activities] INFO: Saved activity: Quad Care Pty Ltd from activities
2025-10-30 16:14:49 [activities] INFO: Saved activity: Southwest Sydney Netball Club from activities
2025-10-30 16:14:49 [activities] INFO: Duplicate found: Swim Mechanix Busselton - Skipping
2025-10-30 16:14:49 [activities] INFO: Saved activity: Mobile Laser Quest: Backyard Battlefields from activities
2025-10-30 16:14:49 [activities] INFO: Saved activity: Swim Mechanix Australia - Success from activities
2025-10-30 16:14:52 [activities] INFO: Duplicate found: Football Star Academy (Doncaster East & Donvale) - Skipping
2025-10-30 16:14:52 [activities] INFO: Saved activity: Super Speak Public Speaking, Presentation Skills & Drama Program from activities
2025-10-30 16:14:52 [activities] INFO: Duplicate found: Soccajoeys Southeast Brisbane - Skipping
2025-10-30 16:14:52 [activities] INFO: Duplicate found: Tony's Magic Show - Skipping
2025-10-30 16:14:52 [activities] INFO: Saved activity: Natyatharu School of Dance from activities
2025-10-30 16:14:52 [activities] INFO: Saved activity: Highway Truck Driving School from activities
2025-10-30 16:14:52 [activities] INFO: Duplicate found: Soccajoeys Caroline Springs/ Kings Park/ Derrimut / Truganina/ Tarneit - Skipping
2025-10-30 16:14:52 [activities] INFO: Saved activity: Aria Music School from activities
2025-10-30 16:14:52 [activities] INFO: Saved activity: Soccajoeys Ferntree Gully/Knox/Boronia/Kilsyth/Bayswater from activities
2025-10-30 16:14:52 [activities] INFO: Duplicate found: Redlands Art School - Skipping
2025-10-30 16:14:52 [activities] INFO: Duplicate found: ROBYN’S ROOM - Skipping
2025-10-30 16:14:52 [activities] INFO: Saved activity: Cathy-Lea Dance Music Drama Works from activities
2025-10-30 16:14:52 [activities] INFO: Saved activity: Lakeside Creative Minds Early Learning and Preschool from activities
2025-10-30 16:14:52 [activities] INFO: Duplicate found: KISDOO ART STUDIO - Skipping
2025-10-30 16:14:52 [activities] INFO: Duplicate found: Speaking Schools Australasia - Skipping
2025-10-30 16:14:52 [activities] INFO: Saved activity: Wilbur's Wildlife from activities
2025-10-30 16:14:52 [activities] INFO: Saved activity: Eastwood Blessings Early Learning and Preschool from activities
2025-10-30 16:14:52 [activities] INFO: Saved activity: AFROBEAT - Interactive Drumming from activities
2025-10-30 16:14:52 [activities] INFO: Saved activity: Stagecoach Performing Arts from activities
2025-10-30 16:14:52 [activities] INFO: Saved activity: JAKSA Performing Arts Studio from activities
2025-10-30 16:14:52 [activities] INFO: Saved activity: Escape Hunt Adelaide from activities
2025-10-30 16:14:52 [activities] INFO: Duplicate found: Paint Your World - Skipping
2025-10-30 16:14:52 [activities] INFO: Duplicate found: Soccajoeys Adelaide - Skipping
2025-10-30 16:14:52 [activities] INFO: Duplicate found: Elevate Martial Arts Academy - Skipping
2025-10-30 16:14:52 [activities] INFO: Duplicate found: Ocean Life Education - Skipping
2025-10-30 16:14:52 [activities] INFO: Duplicate found: Kidzklub Australia - Skipping
2025-10-30 16:14:52 [activities] INFO: Duplicate found: Advanced Health Chiropractor & Remedial Massage Preston - Skipping
2025-10-30 16:14:52 [activities] INFO: Duplicate found: Lak's Art Calss - Skipping
2025-10-30 16:14:52 [activities] INFO: Duplicate found: Sienna Art Space - Art School & Holistic Care - Skipping
2025-10-30 16:14:52 [activities] INFO: Duplicate found: Penrith Ballroom Dance - Skipping
2025-10-30 16:14:53 [activities] INFO: Duplicate found: A FACE PAINTING DREAM & FACE FOCUS - Skipping
2025-10-30 16:14:53 [activities] INFO: Duplicate found: Football Star Academy (Doncaster East & Donvale) - Skipping
2025-10-30 16:14:53 [activities] INFO: Duplicate found: Tony's Magic Show - Skipping
2025-10-30 16:14:53 [activities] INFO: Duplicate found: Easts Football Club - Skipping
2025-10-30 16:14:53 [activities] INFO: Duplicate found: MOTIV8 SPORTS Eastern Suburbs - Skipping
2025-10-30 16:14:53 [activities] INFO: Duplicate found: Escape Hunt Adelaide - Skipping
2025-10-30 16:14:53 [activities] INFO: Duplicate found: Paint Your World - Skipping
2025-10-30 16:14:53 [activities] INFO: Saved activity: Virtual Room Melbourne: Virtual Reality Escape Room Adventure from activities
2025-10-30 16:14:53 [activities] INFO: Duplicate found: Wilbur's Wildlife - Skipping
2025-10-30 16:14:53 [activities] INFO: Saved activity: Trail Quest from activities
2025-10-30 16:14:53 [activities] INFO: Saved activity: Creative Fairies Face Painting from activities
2025-10-30 16:14:53 [activities] INFO: Duplicate found: Basketball Star Academy - Eltham / South Morang & Surrounding Areas - Skipping
2025-10-30 16:14:53 [activities] INFO: Saved activity: Virtual Room Sydney: Virtual Reality Escape Room Adventure from activities
2025-10-30 16:14:53 [activities] INFO: Saved activity: Escape Hunt Sydney from activities
2025-10-30 16:14:53 [activities] INFO: Duplicate found: Madfun Kids Disco Knox - Skipping
2025-10-30 16:14:53 [activities] INFO: Duplicate found: KISDOO ART STUDIO - Skipping
2025-10-30 16:14:53 [activities] INFO: Duplicate found: Ocean Life Education - Skipping
2025-10-30 16:14:53 [activities] INFO: Saved activity: Quiz Room Sydney from activities
2025-10-30 16:14:54 [activities] INFO: Duplicate found: Speaking Schools Australasia - Skipping
2025-10-30 16:14:54 [activities] INFO: Saved activity: Tumbles Playhouse from activities
2025-10-30 16:14:54 [activities] INFO: Duplicate found: Ceramic painting Birthdays Parties - Skipping
2025-10-30 16:14:54 [activities] INFO: Duplicate found: AFROBEAT - Interactive Drumming - Skipping
2025-10-30 16:14:54 [activities] INFO: Duplicate found: Acro Kids - Skipping
2025-10-30 16:14:54 [activities] INFO: Duplicate found: Kidzklub Australia - Skipping
2025-10-30 16:14:54 [activities] INFO: Duplicate found: Truganina Mobile Animal Farm - Skipping
2025-10-30 16:14:54 [activities] INFO: Duplicate found: Sienna Art Space - Art School & Holistic Care - Skipping
2025-10-30 16:14:54 [activities] INFO: Duplicate found: Sharz Art Design - Skipping
2025-10-30 16:14:54 [activities] INFO: Duplicate found: START ART SCHOOL - Children's Art School  - primary school aged - Skipping
2025-10-30 16:14:54 [activities] INFO: Duplicate found: Mobile Laser Quest: Backyard Battlefields - Skipping
2025-10-30 16:14:54 [activities] INFO: Saved activity: Magical Comedian - Glenn Keeley from activities
2025-10-30 16:14:56 [activities] INFO: Saved activity: Marco Polo Motor Inn Sydney Hotel from activities
2025-10-30 16:14:56 [activities] INFO: Duplicate found: MOTIV8 SPORTS Eastern Suburbs - Skipping
2025-10-30 16:14:56 [activities] INFO: Duplicate found: Truganina Mobile Animal Farm - Skipping
2025-10-30 16:14:56 [activities] INFO: Duplicate found: Kidzklub Australia - Skipping
2025-10-30 16:14:56 [activities] INFO: Saved activity: Movement Monkeys Sports Program from activities
2025-10-30 16:14:56 [activities] INFO: Duplicate found: Basketball Star Academy ( Macleod) - Skipping
2025-10-30 16:14:56 [activities] INFO: Saved activity: PUDAKUL ABORIGINAL CULTURAL TOURS from activities
2025-10-30 16:14:56 [activities] INFO: Saved activity: Earth Lodge Australia from activities
2025-10-30 16:14:56 [activities] INFO: Saved activity: Paradise Jet Boating Gold Coast from activities
2025-10-30 16:14:56 [activities] INFO: Saved activity: Kingbilli from activities
2025-10-30 16:14:56 [activities] INFO: Saved activity: Victoria Park’s Putt Putt Mini Golf from activities
2025-10-30 16:14:56 [activities] INFO: Saved activity: Turtle Beach Resort from activities
2025-10-30 16:14:56 [activities] INFO: Saved activity: Silky Surf School - Dicky Beach from activities
2025-10-30 16:14:56 [activities] INFO: Saved activity: Heritage Tours from activities
2025-10-30 16:14:56 [activities] INFO: Saved activity: Wilderness Escape Outdoor Adventures from activities
2025-10-30 16:14:56 [activities] INFO: Saved activity: Lee Farm Stay and Cottages from activities
2025-10-30 16:14:56 [activities] INFO: Saved activity: Wombat Corner Camp from activities
2025-10-30 16:14:56 [activities] INFO: Saved activity: Old Dubbo Gaol from activities
2025-10-30 16:14:56 [activities] INFO: Saved activity: Sightseeing Tours Australia from activities
2025-10-30 16:14:56 [activities] INFO: Saved activity: Atlas Retreat from activities
2025-10-30 16:14:56 [activities] INFO: Saved activity: Forge Farm Riding School from activities
2025-10-30 16:14:56 [activities] INFO: Saved activity: Earth Adventure from activities
2025-10-30 16:14:56 [activities] INFO: Saved activity: Burnet Park Camp from activities
2025-10-30 16:14:56 [activities] INFO: Saved activity: Tommerup's Dairy Farm from activities
2025-10-30 16:14:56 [activities] INFO: Saved activity: Home Farm Healesville from activities
2025-10-30 16:14:56 [activities] INFO: Saved activity: BIG4 Colonial Holiday Park Harrington from activities
2025-10-30 16:14:56 [activities] INFO: Saved activity: Camps Tasmania from activities
2025-10-30 16:14:56 [activities] INFO: Saved activity: Kurrimine Beach Holiday Park from activities
2025-10-30 16:14:56 [activities] INFO: Saved activity: Burgess@KingsBeach from activities
2025-10-30 16:14:56 [activities] INFO: Saved activity: Ocean Beach Resort & Holiday Park from activities
2025-10-30 16:14:58 [activities] INFO: Duplicate found: Football Star Academy (Doncaster East & Donvale) - Skipping
2025-10-30 16:14:58 [activities] INFO: Duplicate found: Soccajoeys Caroline Springs/ Kings Park/ Derrimut / Truganina/ Tarneit - Skipping
2025-10-30 16:14:58 [activities] INFO: Saved activity: Soccajoeys Geelong (Term 4 2025 Registration Opens) / Waurn Ponds / Highton / Lara / Armstrong Creek from activities
2025-10-30 16:14:58 [activities] INFO: Duplicate found: MOTIV8 SPORTS Eastern Suburbs - Skipping
2025-10-30 16:14:58 [activities] INFO: Duplicate found: Wilbur's Wildlife - Skipping
2025-10-30 16:14:58 [activities] INFO: Duplicate found: Trail Quest - Skipping
2025-10-30 16:14:58 [activities] INFO: Duplicate found: Escape Hunt Adelaide - Skipping
2025-10-30 16:14:58 [activities] INFO: Duplicate found: Basketball Star Academy - Eltham / South Morang & Surrounding Areas - Skipping
2025-10-30 16:14:58 [activities] INFO: Duplicate found: Truganina Mobile Animal Farm - Skipping
2025-10-30 16:14:58 [activities] INFO: Duplicate found: Boys' Brigade NSW - Skipping
2025-10-30 16:14:58 [activities] INFO: Duplicate found: Nextgen Football Academy - Skipping
2025-10-30 16:14:58 [activities] INFO: Duplicate found: Mobile Laser Quest: Backyard Battlefields - Skipping
2025-10-30 16:14:58 [activities] INFO: Duplicate found: Ambrose Tennis Academy - Skipping
2025-10-30 16:14:58 [activities] INFO: Duplicate found: Wilderness Escape Outdoor Adventures - Skipping
2025-10-30 16:14:58 [activities] INFO: Duplicate found: Movement Monkeys Sports Program - Skipping
2025-10-30 16:14:58 [activities] INFO: Saved activity: Trees Adventure (Nowra Shoalhaven Park) from activities
2025-10-30 16:14:58 [activities] INFO: Saved activity: Motiv8Sports from activities
2025-10-30 16:14:58 [activities] INFO: Saved activity: 1st Green Valley Scouts from activities
2025-10-30 16:14:58 [activities] INFO: Saved activity: Mojosurf from activities
2025-10-30 16:14:58 [activities] INFO: Saved activity: Second Nature Asia Pacific Pty Ltd from activities
2025-10-30 16:14:58 [activities] INFO: Saved activity: Archery Attack from activities
2025-10-30 16:14:58 [activities] INFO: Saved activity: Northside Climb Indoor Rock Climbing from activities
2025-10-30 16:14:58 [activities] INFO: Saved activity: Easy Swing Golf from activities
2025-10-30 16:14:58 [activities] INFO: Saved activity: Tannum Fitness Centre from activities
2025-10-30 16:14:58 [activities] INFO: Saved activity: Araucaria Ecotours from activities
2025-10-30 16:14:58 [activities] INFO: Saved activity: H2 Hummer Hire Melbourne from activities
2025-10-30 16:14:58 [activities] INFO: Saved activity: Kerem Adventure Camp from activities
2025-10-30 16:14:58 [activities] INFO: Saved activity: The Boys Brigade Qld Raceview from activities
2025-10-30 16:14:58 [activities] INFO: Saved activity: School Camps Qld from activities
2025-10-30 16:14:58 [activities] INFO: Saved activity: Mills Charters from activities
2025-10-30 16:15:00 [activities] INFO: Saved activity: Soccer5s Dandenong from activities
2025-10-30 16:15:00 [activities] INFO: Duplicate found: A FACE PAINTING DREAM & FACE FOCUS - Skipping
2025-10-30 16:15:00 [activities] INFO: Saved activity: Soccajoeys Ringwood & Preston Surrounding Area from activities
2025-10-30 16:15:00 [activities] INFO: Duplicate found: Soccajoeys Caroline Springs/ Kings Park/ Derrimut / Truganina/ Tarneit - Skipping
2025-10-30 16:15:00 [activities] INFO: Duplicate found: Tony's Magic Show - Skipping
2025-10-30 16:15:00 [activities] INFO: Saved activity: Limos Of Sydney from activities
2025-10-30 16:15:00 [activities] INFO: Duplicate found: MOTIV8 SPORTS Eastern Suburbs - Skipping
2025-10-30 16:15:00 [activities] INFO: Duplicate found: Redlands Art School - Skipping
2025-10-30 16:15:01 [activities] INFO: Duplicate found: Soccajoeys Ferntree Gully/Knox/Boronia/Kilsyth/Bayswater - Skipping
2025-10-30 16:15:01 [activities] INFO: Saved activity: Wyndham City Gymnastics from activities
2025-10-30 16:15:01 [activities] INFO: Duplicate found: ROBYN’S ROOM - Skipping
2025-10-30 16:15:01 [activities] INFO: Duplicate found: Karate Academy Sydney - Skipping
2025-10-30 16:15:01 [activities] INFO: Duplicate found: Paint Your World - Skipping
2025-10-30 16:15:01 [activities] INFO: Duplicate found: KIDS ART & CRAFT - Skipping
2025-10-30 16:15:01 [activities] INFO: Duplicate found: Wilbur's Wildlife - Skipping
2025-10-30 16:15:01 [activities] INFO: Saved activity: Superhero Central from activities
2025-10-30 16:15:01 [activities] INFO: Duplicate found: Virtual Room Sydney: Virtual Reality Escape Room Adventure - Skipping
2025-10-30 16:15:01 [activities] INFO: Duplicate found: Virtual Room Melbourne: Virtual Reality Escape Room Adventure - Skipping
2025-10-30 16:15:01 [activities] INFO: Duplicate found: Soccajoeys Adelaide - Skipping
2025-10-30 16:15:01 [activities] INFO: Duplicate found: My Gym Children's Fitness Ashfield - Skipping
2025-10-30 16:15:01 [activities] INFO: Duplicate found: Ocean Life Education - Skipping
2025-10-30 16:15:01 [activities] INFO: Saved activity: DJ Bex Discos from activities
2025-10-30 16:15:01 [activities] INFO: Duplicate found: Escape Hunt Sydney - Skipping
2025-10-30 16:15:01 [activities] INFO: Duplicate found: Madfun Kids Disco Knox - Skipping
2025-10-30 16:15:01 [activities] INFO: Duplicate found: Creative Fairies Face Painting - Skipping
2025-10-30 16:15:01 [activities] INFO: Saved activity: Soccajoeys Springvale from activities
2025-10-30 16:15:01 [activities] INFO: Saved activity: GeckoSports Inner West & Sydney Eastern Suburbs from activities
2025-10-30 16:15:01 [activities] INFO: Duplicate found: Tumbles Playhouse - Skipping
2025-10-30 16:15:01 [activities] INFO: Duplicate found: Escape Hunt Adelaide - Skipping
2025-10-30 16:15:01 [activities] INFO: Saved activity: Reptile Encounters from activities
2025-10-30 16:15:06 [activities] INFO: Saved activity: Tutu Studios Ballet and dance classes Sydney's Eastern Suburbs & Inner City from activities
2025-10-30 16:15:06 [activities] INFO: Duplicate found: Natyatharu School of Dance - Skipping
2025-10-30 16:15:06 [activities] INFO: Duplicate found: Aria Music School - Skipping
2025-10-30 16:15:06 [activities] INFO: Saved activity: Entertainment Unlimited Dance Centre from activities
2025-10-30 16:15:06 [activities] INFO: Duplicate found: Super Speak Public Speaking, Presentation Skills & Drama Program - Skipping
2025-10-30 16:15:06 [activities] INFO: Saved activity: Pretty Little Ballerinas Studios in Sydney's Inner City & Eastern Suburbs & Newcastle + Online from activities
2025-10-30 16:15:06 [activities] INFO: Duplicate found: Inga Haas School of Dance - Skipping
2025-10-30 16:15:06 [activities] INFO: Saved activity: Marian Street Theatre for Young People from activities
2025-10-30 16:15:06 [activities] INFO: Duplicate found: Cathy-Lea Dance Music Drama Works - Skipping
2025-10-30 16:15:06 [activities] INFO: Saved activity: Stageworks Academy, Alphington & Fairfield from activities
2025-10-30 16:15:06 [activities] INFO: Duplicate found: JAKSA Performing Arts Studio - Skipping
2025-10-30 16:15:06 [activities] INFO: Saved activity: The Drama Hub from activities
2025-10-30 16:15:06 [activities] INFO: Duplicate found: Speaking Schools Australasia - Skipping
2025-10-30 16:15:06 [activities] INFO: Duplicate found: Madfun Kids Disco Knox - Skipping
2025-10-30 16:15:06 [activities] INFO: Saved activity: The House of Voice from activities
2025-10-30 16:15:06 [activities] INFO: Saved activity: Artz Collective from activities
2025-10-30 16:15:06 [activities] INFO: Duplicate found: Kristy Rose Academy of Dance - Skipping
2025-10-30 16:15:06 [activities] INFO: Duplicate found: AFROBEAT - Interactive Drumming - Skipping
2025-10-30 16:15:06 [activities] INFO: Duplicate found: Penrith Ballroom Dance - Skipping
2025-10-30 16:15:06 [activities] INFO: Duplicate found: Stagecoach Performing Arts - Skipping
2025-10-30 16:15:06 [activities] INFO: Saved activity: Miss REBECCA's MUSIC ACADEMY from activities
2025-10-30 16:15:06 [activities] INFO: Saved activity: The Piano Place from activities
2025-10-30 16:15:06 [activities] INFO: Duplicate found: Aboriginal Cultural Immersions - Skipping
2025-10-30 16:15:06 [activities] INFO: Duplicate found: Beats From the Soul - Skipping
2025-10-30 16:15:06 [activities] INFO: Saved activity: Terpsichore Dance Company from activities
2025-10-30 16:15:06 [activities] INFO: Saved activity: International School of Music, Turramurra from activities
2025-10-30 16:15:06 [activities] INFO: Saved activity: Bumblebee Arts Centre from activities
2025-10-30 16:15:06 [activities] INFO: Saved activity: Pronin Performing Arts Studio from activities
2025-10-30 16:15:06 [activities] INFO: Saved activity: Karen Margaret Studio of Performing Arts from activities
2025-10-30 16:15:06 [activities] INFO: Saved activity: Jeanette Briggs Dance Academy from activities
2025-10-30 16:15:06 [activities] INFO: Duplicate found: Football Star Academy (Doncaster East & Donvale) - Skipping
2025-10-30 16:15:06 [activities] INFO: Duplicate found: Soccajoeys Southeast Brisbane - Skipping
2025-10-30 16:15:06 [activities] INFO: Duplicate found: Tony's Magic Show - Skipping
2025-10-30 16:15:06 [activities] INFO: Duplicate found: Soccer5s Dandenong - Skipping
2025-10-30 16:15:06 [activities] INFO: Duplicate found: Soccajoeys Geelong (Term 4 2025 Registration Opens) / Waurn Ponds / Highton / Lara / Armstrong Creek - Skipping
2025-10-30 16:15:06 [activities] INFO: Duplicate found: MOTIV8 SPORTS Eastern Suburbs - Skipping
2025-10-30 16:15:06 [activities] INFO: Duplicate found: Basketball Star Academy - Eltham / South Morang & Surrounding Areas - Skipping
2025-10-30 16:15:06 [activities] INFO: Duplicate found: Madfun Kids Disco Knox - Skipping
2025-10-30 16:15:06 [activities] INFO: Duplicate found: Escape Hunt Sydney - Skipping
2025-10-30 16:15:06 [activities] INFO: Duplicate found: Soccajoeys Adelaide - Skipping
2025-10-30 16:15:06 [activities] INFO: Duplicate found: Speaking Schools Australasia - Skipping
2025-10-30 16:15:06 [activities] INFO: Duplicate found: My Gym Children's Fitness Ashfield - Skipping
2025-10-30 16:15:06 [activities] INFO: Saved activity: Soccajoeys Melbourne North from activities
2025-10-30 16:15:06 [activities] INFO: Duplicate found: Kidzklub Australia - Skipping
2025-10-30 16:15:06 [activities] INFO: Duplicate found: Tumbles Playhouse - Skipping
2025-10-30 16:15:06 [activities] INFO: Duplicate found: Acro Kids - Skipping
2025-10-30 16:15:06 [activities] INFO: Duplicate found: SETA Tennis Beaumaris - Skipping
2025-10-30 16:15:06 [activities] INFO: Duplicate found: Truganina Mobile Animal Farm - Skipping
2025-10-30 16:15:06 [activities] INFO: Duplicate found: Southwest Sydney Netball Club - Skipping
2025-10-30 16:15:06 [activities] INFO: Saved activity: Soccajoeys Ivanhoe/Bulleen/Lower Templestowe/Macleod/Mt Waverley/Box Hill/Chadtone from activities
2025-10-30 16:15:06 [activities] INFO: Duplicate found: START ART SCHOOL - Children's Art School  - primary school aged - Skipping
2025-10-30 16:15:06 [activities] INFO: Duplicate found: Mobile Laser Quest: Backyard Battlefields - Skipping
2025-10-30 16:15:06 [activities] INFO: Saved activity: Little Groovers from activities
2025-10-30 16:15:06 [activities] INFO: Duplicate found: Magical Comedian - Glenn Keeley - Skipping
2025-10-30 16:15:07 [activities] INFO: Saved activity: BabyRoo/Gymbaroo - MOSMAN from activities
2025-10-30 16:15:07 [activities] INFO: Saved activity: Kids Magic World- magician sydney from activities
2025-10-30 16:15:07 [activities] INFO: Duplicate found: M-Creativ.kids - Skipping
2025-10-30 16:15:07 [activities] INFO: Saved activity: Twirling Tutus Australia - Dance Classes for 6mths-6yrs from activities
2025-10-30 16:15:07 [activities] INFO: Saved activity: Football Star Academy. from activities
2025-10-30 16:15:07 [activities] INFO: Saved activity: International School of Music Leichhardt from activities
2025-10-30 16:15:09 [activities] INFO: Saved activity: Pinnacle Taekwondo Martial Arts in Chester Hill South West Sydney from activities
2025-10-30 16:15:09 [activities] INFO: Duplicate found: Football Star Academy (Doncaster East & Donvale) - Skipping
2025-10-30 16:15:09 [activities] INFO: Saved activity: Grasshopper Soccer Perth East from activities
2025-10-30 16:15:09 [activities] INFO: Saved activity: Melbourne Football Academy from activities
2025-10-30 16:15:09 [activities] INFO: Saved activity: Pinnacle Taekwondo Martial Arts Academy in Marrickville Inner West Sydney from activities
2025-10-30 16:15:09 [activities] INFO: Duplicate found: FIRST TAE KWON DO Perth Western Australia - Skipping
2025-10-30 16:15:09 [activities] INFO: Saved activity: WSKK Martial Arts from activities
2025-10-30 16:15:09 [activities] INFO: Saved activity: West Coast Aikido Martial Arts Academy from activities
2025-10-30 16:15:09 [activities] INFO: Saved activity: Grasshopper Soccer Perth North from activities
2025-10-30 16:15:09 [activities] INFO: Duplicate found: Easts Football Club - Skipping
2025-10-30 16:15:09 [activities] INFO: Duplicate found: Soccajoeys Geelong (Term 4 2025 Registration Opens) / Waurn Ponds / Highton / Lara / Armstrong Creek - Skipping
2025-10-30 16:15:09 [activities] INFO: Duplicate found: Soccajoeys Southeast Brisbane - Skipping
2025-10-30 16:15:09 [activities] INFO: Saved activity: Myswim from activities
2025-10-30 16:15:09 [activities] INFO: Saved activity: Hoops Connect from activities
2025-10-30 16:15:09 [activities] INFO: Duplicate found: Soccer5s Dandenong - Skipping
2025-10-30 16:15:09 [activities] INFO: Saved activity: Progress Taekwondo Martial Arts in Craigieburn for Kids & Teens 3-7 Years & 8-15 - Self Defence from activities
2025-10-30 16:15:09 [activities] INFO: Duplicate found: Soccajoeys Ringwood & Preston Surrounding Area - Skipping
2025-10-30 16:15:09 [activities] INFO: Duplicate found: Soccajoeys Caroline Springs/ Kings Park/ Derrimut / Truganina/ Tarneit - Skipping
2025-10-30 16:15:09 [activities] INFO: Duplicate found: West Tae Kwon Do - Skipping
2025-10-30 16:15:09 [activities] INFO: Duplicate found: Soccajoeys Ferntree Gully/Knox/Boronia/Kilsyth/Bayswater - Skipping
2025-10-30 16:15:09 [activities] INFO: Saved activity: Team Perosh Mixed Martial Arts from activities
2025-10-30 16:15:09 [activities] INFO: Duplicate found: Wyndham City Gymnastics - Skipping
2025-10-30 16:15:09 [activities] INFO: Duplicate found: MOTIV8 SPORTS Eastern Suburbs - Skipping
2025-10-30 16:15:09 [activities] INFO: Saved activity: Baulkham Hills Hockey Club Inc from activities
2025-10-30 16:15:09 [activities] INFO: Saved activity: HEZI Basketball Classes & Lessons from activities
2025-10-30 16:15:09 [activities] INFO: Saved activity: Yes Badminton Club from activities
2025-10-30 16:15:09 [activities] INFO: Saved activity: Little Kickers Canada Bay/Canterbury from activities
2025-10-30 16:15:09 [activities] INFO: Duplicate found: Goshukan Karate Academy - Skipping
2025-10-30 16:15:09 [activities] INFO: Saved activity: No Limits Basketball from activities
2025-10-30 16:15:09 [activities] INFO: Duplicate found: My Gym Children's Fitness Ashfield - Skipping
2025-10-30 16:15:09 [scrapy.core.engine] INFO: Closing spider (finished)
2025-10-30 16:15:09 [activities] INFO: Database connection closed
2025-10-30 16:15:09 [scrapy.extensions.feedexport] INFO: Stored json feed (360 items) in: activities_output.json
2025-10-30 16:15:09 [scrapy.statscollectors] INFO: Dumping Scrapy stats:
{'downloader/request_bytes': 4069,
 'downloader/request_count': 13,
 'downloader/request_method_count/GET': 13,
 'downloader/response_bytes': 688549,
 'downloader/response_count': 13,
 'downloader/response_status_count/200': 13,
 'elapsed_time_seconds': 37.556879,
 'feedexport/success_count/FileFeedStorage': 1,
 'finish_reason': 'finished',
 'finish_time': datetime.datetime(2025, 10, 30, 16, 15, 9, 803494, tzinfo=datetime.timezone.utc),
 'httpcompression/response_bytes': 6728235,
 'httpcompression/response_count': 12,
 'item_scraped_count': 360,
 'log_count/INFO': 375,
 'memusage/max': 73859072,
 'memusage/startup': 73859072,
 'response_received_count': 13,
 'robotstxt/request_count': 1,
 'robotstxt/response_count': 1,
 'robotstxt/response_status_count/200': 1,
 'scheduler/dequeued': 12,
 'scheduler/dequeued/memory': 12,
 'scheduler/enqueued': 12,
 'scheduler/enqueued/memory': 12,
 'start_time': datetime.datetime(2025, 10, 30, 16, 14, 32, 246615, tzinfo=datetime.timezone.utc)}
2025-10-30 16:15:09 [scrapy.core.engine] INFO: Spider closed (finished)
2025-10-30 16:15:09 [scrapy-playwright] INFO: Closing download handler
2025-10-30 16:15:09 [scrapy-playwright] INFO: Closing download handler
